Running "module reset". Resetting modules to system default. The following $MODULEPATH directories have been removed: None
WARNING:__main__:
*****************************************
Setting OMP_NUM_THREADS environment variable for each process to be 1 in default, to avoid your system being overloaded, please further tune the variable for optimal performance in your application as needed. 
*****************************************
The cache for model files in Transformers v4.22.0 has been updated. Migrating your old cache. This is a one-time only operation. You can interrupt this and resume the migration later on by calling `transformers.utils.move_cache()`.
The cache for model files in Transformers v4.22.0 has been updated. Migrating your old cache. This is a one-time only operation. You can interrupt this and resume the migration later on by calling `transformers.utils.move_cache()`.

0it [00:00, ?it/s]
0it [00:00, ?it/s]
0it [00:00, ?it/s]

0it [00:00, ?it/s]
/u/choprahetarth/all_files/starcoder2
/u/choprahetarth/all_files/starcoder2
/u/choprahetarth/all_files/starcoder2
/u/choprahetarth/all_files/starcoder2
I am loading LORA
Loading BNB
Loading Model
I am loading LORA
Loading BNB
Loading Model
I am loading LORA
Loading BNB
Loading Model
I am loading LORA
Loading BNB
Loading Model

Downloading shards:   0%|          | 0/14 [00:00<?, ?it/s]
Downloading shards:   0%|          | 0/14 [00:00<?, ?it/s]
Downloading shards:   0%|          | 0/14 [00:00<?, ?it/s]
Downloading shards:   0%|          | 0/14 [00:00<?, ?it/s]
Downloading shards:   7%|â–‹         | 1/14 [00:20<04:26, 20.51s/it]
Downloading shards:   7%|â–‹         | 1/14 [00:20<04:26, 20.50s/it]
Downloading shards:   7%|â–‹         | 1/14 [00:20<04:27, 20.54s/it]
Downloading shards:   7%|â–‹         | 1/14 [00:20<04:27, 20.57s/it]
Downloading shards:  14%|â–ˆâ–        | 2/14 [00:41<04:10, 20.89s/it]
Downloading shards:  14%|â–ˆâ–        | 2/14 [00:41<04:10, 20.84s/it]
Downloading shards:  14%|â–ˆâ–        | 2/14 [00:41<04:10, 20.89s/it]
Downloading shards:  14%|â–ˆâ–        | 2/14 [00:41<04:11, 20.94s/it]
Downloading shards:  21%|â–ˆâ–ˆâ–       | 3/14 [01:04<03:58, 21.69s/it]
Downloading shards:  21%|â–ˆâ–ˆâ–       | 3/14 [01:04<03:58, 21.70s/it]
Downloading shards:  21%|â–ˆâ–ˆâ–       | 3/14 [01:04<03:58, 21.72s/it]
Downloading shards:  21%|â–ˆâ–ˆâ–       | 3/14 [01:04<03:59, 21.77s/it]
Downloading shards:  29%|â–ˆâ–ˆâ–Š       | 4/14 [01:29<03:49, 22.95s/it]
Downloading shards:  29%|â–ˆâ–ˆâ–Š       | 4/14 [01:29<03:49, 22.97s/it]
Downloading shards:  29%|â–ˆâ–ˆâ–Š       | 4/14 [01:29<03:49, 22.97s/it]
Downloading shards:  29%|â–ˆâ–ˆâ–Š       | 4/14 [01:29<03:49, 22.98s/it]
Downloading shards:  36%|â–ˆâ–ˆâ–ˆâ–Œ      | 5/14 [01:52<03:26, 22.91s/it]
Downloading shards:  36%|â–ˆâ–ˆâ–ˆâ–Œ      | 5/14 [01:52<03:26, 22.91s/it]
Downloading shards:  36%|â–ˆâ–ˆâ–ˆâ–Œ      | 5/14 [01:52<03:26, 22.92s/it]
Downloading shards:  36%|â–ˆâ–ˆâ–ˆâ–Œ      | 5/14 [01:52<03:26, 22.95s/it]
Downloading shards:  43%|â–ˆâ–ˆâ–ˆâ–ˆâ–Ž     | 6/14 [02:18<03:13, 24.24s/it]
Downloading shards:  43%|â–ˆâ–ˆâ–ˆâ–ˆâ–Ž     | 6/14 [02:18<03:13, 24.25s/it]
Downloading shards:  43%|â–ˆâ–ˆâ–ˆâ–ˆâ–Ž     | 6/14 [02:18<03:14, 24.25s/it]
Downloading shards:  43%|â–ˆâ–ˆâ–ˆâ–ˆâ–Ž     | 6/14 [02:18<03:14, 24.27s/it]
Downloading shards:  50%|â–ˆâ–ˆâ–ˆâ–ˆâ–ˆ     | 7/14 [02:42<02:48, 24.12s/it]
Downloading shards:  50%|â–ˆâ–ˆâ–ˆâ–ˆâ–ˆ     | 7/14 [02:42<02:48, 24.12s/it]
Downloading shards:  50%|â–ˆâ–ˆâ–ˆâ–ˆâ–ˆ     | 7/14 [02:42<02:48, 24.11s/it]
Downloading shards:  50%|â–ˆâ–ˆâ–ˆâ–ˆâ–ˆ     | 7/14 [02:42<02:48, 24.12s/it]
Downloading shards:  57%|â–ˆâ–ˆâ–ˆâ–ˆâ–ˆâ–‹    | 8/14 [03:05<02:22, 23.69s/it]
Downloading shards:  57%|â–ˆâ–ˆâ–ˆâ–ˆâ–ˆâ–‹    | 8/14 [03:05<02:22, 23.67s/it]
Downloading shards:  57%|â–ˆâ–ˆâ–ˆâ–ˆâ–ˆâ–‹    | 8/14 [03:05<02:21, 23.67s/it]
Downloading shards:  57%|â–ˆâ–ˆâ–ˆâ–ˆâ–ˆâ–‹    | 8/14 [03:05<02:22, 23.70s/it]
Downloading shards:  64%|â–ˆâ–ˆâ–ˆâ–ˆâ–ˆâ–ˆâ–   | 9/14 [03:29<01:58, 23.78s/it]
Downloading shards:  64%|â–ˆâ–ˆâ–ˆâ–ˆâ–ˆâ–ˆâ–   | 9/14 [03:29<01:58, 23.77s/it]
Downloading shards:  64%|â–ˆâ–ˆâ–ˆâ–ˆâ–ˆâ–ˆâ–   | 9/14 [03:29<01:58, 23.79s/it]
Downloading shards:  64%|â–ˆâ–ˆâ–ˆâ–ˆâ–ˆâ–ˆâ–   | 9/14 [03:29<01:58, 23.80s/it]
Downloading shards:  71%|â–ˆâ–ˆâ–ˆâ–ˆâ–ˆâ–ˆâ–ˆâ–  | 10/14 [03:51<01:33, 23.28s/it]
Downloading shards:  71%|â–ˆâ–ˆâ–ˆâ–ˆâ–ˆâ–ˆâ–ˆâ–  | 10/14 [03:51<01:33, 23.27s/it]
Downloading shards:  71%|â–ˆâ–ˆâ–ˆâ–ˆâ–ˆâ–ˆâ–ˆâ–  | 10/14 [03:51<01:33, 23.30s/it]
Downloading shards:  71%|â–ˆâ–ˆâ–ˆâ–ˆâ–ˆâ–ˆâ–ˆâ–  | 10/14 [03:51<01:33, 23.32s/it]
Downloading shards:  79%|â–ˆâ–ˆâ–ˆâ–ˆâ–ˆâ–ˆâ–ˆâ–Š  | 11/14 [04:15<01:10, 23.49s/it]
Downloading shards:  79%|â–ˆâ–ˆâ–ˆâ–ˆâ–ˆâ–ˆâ–ˆâ–Š  | 11/14 [04:15<01:10, 23.49s/it]
Downloading shards:  79%|â–ˆâ–ˆâ–ˆâ–ˆâ–ˆâ–ˆâ–ˆâ–Š  | 11/14 [04:15<01:10, 23.51s/it]
Downloading shards:  79%|â–ˆâ–ˆâ–ˆâ–ˆâ–ˆâ–ˆâ–ˆâ–Š  | 11/14 [04:15<01:10, 23.52s/it]
Downloading shards:  86%|â–ˆâ–ˆâ–ˆâ–ˆâ–ˆâ–ˆâ–ˆâ–ˆâ–Œ | 12/14 [04:39<00:47, 23.71s/it]
Downloading shards:  86%|â–ˆâ–ˆâ–ˆâ–ˆâ–ˆâ–ˆâ–ˆâ–ˆâ–Œ | 12/14 [04:39<00:47, 23.71s/it]
Downloading shards:  86%|â–ˆâ–ˆâ–ˆâ–ˆâ–ˆâ–ˆâ–ˆâ–ˆâ–Œ | 12/14 [04:39<00:47, 23.71s/it]
Downloading shards:  86%|â–ˆâ–ˆâ–ˆâ–ˆâ–ˆâ–ˆâ–ˆâ–ˆâ–Œ | 12/14 [04:39<00:47, 23.74s/it]
Downloading shards:  93%|â–ˆâ–ˆâ–ˆâ–ˆâ–ˆâ–ˆâ–ˆâ–ˆâ–ˆâ–Ž| 13/14 [05:03<00:23, 23.74s/it]
Downloading shards:  93%|â–ˆâ–ˆâ–ˆâ–ˆâ–ˆâ–ˆâ–ˆâ–ˆâ–ˆâ–Ž| 13/14 [05:03<00:23, 23.74s/it]
Downloading shards:  93%|â–ˆâ–ˆâ–ˆâ–ˆâ–ˆâ–ˆâ–ˆâ–ˆâ–ˆâ–Ž| 13/14 [05:03<00:23, 23.74s/it]
Downloading shards:  93%|â–ˆâ–ˆâ–ˆâ–ˆâ–ˆâ–ˆâ–ˆâ–ˆâ–ˆâ–Ž| 13/14 [05:03<00:23, 23.76s/it]
Downloading shards: 100%|â–ˆâ–ˆâ–ˆâ–ˆâ–ˆâ–ˆâ–ˆâ–ˆâ–ˆâ–ˆ| 14/14 [05:24<00:00, 22.77s/it]
Downloading shards: 100%|â–ˆâ–ˆâ–ˆâ–ˆâ–ˆâ–ˆâ–ˆâ–ˆâ–ˆâ–ˆ| 14/14 [05:24<00:00, 23.15s/it]

Downloading shards: 100%|â–ˆâ–ˆâ–ˆâ–ˆâ–ˆâ–ˆâ–ˆâ–ˆâ–ˆâ–ˆ| 14/14 [05:24<00:00, 22.77s/it]
Downloading shards: 100%|â–ˆâ–ˆâ–ˆâ–ˆâ–ˆâ–ˆâ–ˆâ–ˆâ–ˆâ–ˆ| 14/14 [05:24<00:00, 23.16s/it]

Downloading shards: 100%|â–ˆâ–ˆâ–ˆâ–ˆâ–ˆâ–ˆâ–ˆâ–ˆâ–ˆâ–ˆ| 14/14 [05:24<00:00, 22.76s/it]
Downloading shards: 100%|â–ˆâ–ˆâ–ˆâ–ˆâ–ˆâ–ˆâ–ˆâ–ˆâ–ˆâ–ˆ| 14/14 [05:24<00:00, 23.16s/it]

Downloading shards: 100%|â–ˆâ–ˆâ–ˆâ–ˆâ–ˆâ–ˆâ–ˆâ–ˆâ–ˆâ–ˆ| 14/14 [05:24<00:00, 22.78s/it]
Downloading shards: 100%|â–ˆâ–ˆâ–ˆâ–ˆâ–ˆâ–ˆâ–ˆâ–ˆâ–ˆâ–ˆ| 14/14 [05:24<00:00, 23.17s/it]

Loading checkpoint shards:   0%|          | 0/14 [00:00<?, ?it/s]
Loading checkpoint shards:   0%|          | 0/14 [00:00<?, ?it/s]
Loading checkpoint shards:   0%|          | 0/14 [00:00<?, ?it/s]
Loading checkpoint shards:   0%|          | 0/14 [00:00<?, ?it/s]
Loading checkpoint shards:   7%|â–‹         | 1/14 [00:02<00:33,  2.58s/it]
Loading checkpoint shards:   7%|â–‹         | 1/14 [00:03<00:39,  3.01s/it]
Loading checkpoint shards:   7%|â–‹         | 1/14 [00:02<00:38,  2.99s/it]
Loading checkpoint shards:   7%|â–‹         | 1/14 [00:02<00:38,  2.93s/it]
Loading checkpoint shards:  14%|â–ˆâ–        | 2/14 [00:04<00:29,  2.46s/it]
Loading checkpoint shards:  14%|â–ˆâ–        | 2/14 [00:05<00:35,  2.93s/it]
Loading checkpoint shards:  14%|â–ˆâ–        | 2/14 [00:05<00:34,  2.89s/it]
Loading checkpoint shards:  14%|â–ˆâ–        | 2/14 [00:05<00:35,  2.93s/it]
Loading checkpoint shards:  21%|â–ˆâ–ˆâ–       | 3/14 [00:07<00:25,  2.35s/it]
Loading checkpoint shards:  21%|â–ˆâ–ˆâ–       | 3/14 [00:08<00:30,  2.79s/it]
Loading checkpoint shards:  21%|â–ˆâ–ˆâ–       | 3/14 [00:08<00:30,  2.79s/it]
Loading checkpoint shards:  21%|â–ˆâ–ˆâ–       | 3/14 [00:08<00:30,  2.77s/it]
Loading checkpoint shards:  29%|â–ˆâ–ˆâ–Š       | 4/14 [00:09<00:22,  2.21s/it]
Loading checkpoint shards:  29%|â–ˆâ–ˆâ–Š       | 4/14 [00:10<00:26,  2.62s/it]
Loading checkpoint shards:  29%|â–ˆâ–ˆâ–Š       | 4/14 [00:10<00:26,  2.61s/it]
Loading checkpoint shards:  29%|â–ˆâ–ˆâ–Š       | 4/14 [00:10<00:26,  2.62s/it]
Loading checkpoint shards:  36%|â–ˆâ–ˆâ–ˆâ–Œ      | 5/14 [00:10<00:18,  2.05s/it]
Loading checkpoint shards:  43%|â–ˆâ–ˆâ–ˆâ–ˆâ–Ž     | 6/14 [00:12<00:15,  1.96s/it]
Loading checkpoint shards:  36%|â–ˆâ–ˆâ–ˆâ–Œ      | 5/14 [00:13<00:22,  2.48s/it]
Loading checkpoint shards:  36%|â–ˆâ–ˆâ–ˆâ–Œ      | 5/14 [00:13<00:22,  2.47s/it]
Loading checkpoint shards:  36%|â–ˆâ–ˆâ–ˆâ–Œ      | 5/14 [00:13<00:22,  2.49s/it]
Loading checkpoint shards:  50%|â–ˆâ–ˆâ–ˆâ–ˆâ–ˆ     | 7/14 [00:14<00:13,  1.88s/it]
Loading checkpoint shards:  43%|â–ˆâ–ˆâ–ˆâ–ˆâ–Ž     | 6/14 [00:15<00:18,  2.36s/it]
Loading checkpoint shards:  43%|â–ˆâ–ˆâ–ˆâ–ˆâ–Ž     | 6/14 [00:15<00:18,  2.35s/it]
Loading checkpoint shards:  43%|â–ˆâ–ˆâ–ˆâ–ˆâ–Ž     | 6/14 [00:15<00:18,  2.36s/it]
Loading checkpoint shards:  57%|â–ˆâ–ˆâ–ˆâ–ˆâ–ˆâ–‹    | 8/14 [00:16<00:10,  1.83s/it]
Loading checkpoint shards:  50%|â–ˆâ–ˆâ–ˆâ–ˆâ–ˆ     | 7/14 [00:17<00:16,  2.34s/it]
Loading checkpoint shards:  50%|â–ˆâ–ˆâ–ˆâ–ˆâ–ˆ     | 7/14 [00:17<00:16,  2.33s/it]
Loading checkpoint shards:  50%|â–ˆâ–ˆâ–ˆâ–ˆâ–ˆ     | 7/14 [00:17<00:16,  2.33s/it]
Loading checkpoint shards:  64%|â–ˆâ–ˆâ–ˆâ–ˆâ–ˆâ–ˆâ–   | 9/14 [00:17<00:08,  1.79s/it]
Loading checkpoint shards:  71%|â–ˆâ–ˆâ–ˆâ–ˆâ–ˆâ–ˆâ–ˆâ–  | 10/14 [00:19<00:07,  1.78s/it]
Loading checkpoint shards:  57%|â–ˆâ–ˆâ–ˆâ–ˆâ–ˆâ–‹    | 8/14 [00:19<00:13,  2.28s/it]
Loading checkpoint shards:  57%|â–ˆâ–ˆâ–ˆâ–ˆâ–ˆâ–‹    | 8/14 [00:19<00:13,  2.29s/it]
Loading checkpoint shards:  57%|â–ˆâ–ˆâ–ˆâ–ˆâ–ˆâ–‹    | 8/14 [00:19<00:13,  2.29s/it]
Loading checkpoint shards:  79%|â–ˆâ–ˆâ–ˆâ–ˆâ–ˆâ–ˆâ–ˆâ–Š  | 11/14 [00:21<00:05,  1.77s/it]
Loading checkpoint shards:  64%|â–ˆâ–ˆâ–ˆâ–ˆâ–ˆâ–ˆâ–   | 9/14 [00:21<00:11,  2.22s/it]
Loading checkpoint shards:  64%|â–ˆâ–ˆâ–ˆâ–ˆâ–ˆâ–ˆâ–   | 9/14 [00:21<00:11,  2.22s/it]
Loading checkpoint shards:  64%|â–ˆâ–ˆâ–ˆâ–ˆâ–ˆâ–ˆâ–   | 9/14 [00:21<00:11,  2.22s/it]
Loading checkpoint shards:  86%|â–ˆâ–ˆâ–ˆâ–ˆâ–ˆâ–ˆâ–ˆâ–ˆâ–Œ | 12/14 [00:23<00:03,  1.75s/it]
Loading checkpoint shards:  71%|â–ˆâ–ˆâ–ˆâ–ˆâ–ˆâ–ˆâ–ˆâ–  | 10/14 [00:23<00:08,  2.19s/it]
Loading checkpoint shards:  71%|â–ˆâ–ˆâ–ˆâ–ˆâ–ˆâ–ˆâ–ˆâ–  | 10/14 [00:23<00:08,  2.20s/it]
Loading checkpoint shards:  71%|â–ˆâ–ˆâ–ˆâ–ˆâ–ˆâ–ˆâ–ˆâ–  | 10/14 [00:23<00:08,  2.20s/it]
Loading checkpoint shards:  93%|â–ˆâ–ˆâ–ˆâ–ˆâ–ˆâ–ˆâ–ˆâ–ˆâ–ˆâ–Ž| 13/14 [00:24<00:01,  1.75s/it]
Loading checkpoint shards:  79%|â–ˆâ–ˆâ–ˆâ–ˆâ–ˆâ–ˆâ–ˆâ–Š  | 11/14 [00:26<00:06,  2.19s/it]
Loading checkpoint shards:  79%|â–ˆâ–ˆâ–ˆâ–ˆâ–ˆâ–ˆâ–ˆâ–Š  | 11/14 [00:26<00:06,  2.19s/it]
Loading checkpoint shards:  79%|â–ˆâ–ˆâ–ˆâ–ˆâ–ˆâ–ˆâ–ˆâ–Š  | 11/14 [00:26<00:06,  2.19s/it]
Loading checkpoint shards: 100%|â–ˆâ–ˆâ–ˆâ–ˆâ–ˆâ–ˆâ–ˆâ–ˆâ–ˆâ–ˆ| 14/14 [00:26<00:00,  1.69s/it]
Loading checkpoint shards: 100%|â–ˆâ–ˆâ–ˆâ–ˆâ–ˆâ–ˆâ–ˆâ–ˆâ–ˆâ–ˆ| 14/14 [00:26<00:00,  1.88s/it]
Model Loaded
Setting num_proc from 64 back to 1 for the train split to disable multiprocessing as it only contains one shard.

Generating train split: 0 examples [00:00, ? examples/s]
Generating train split: 15246 examples [00:00, 88225.85 examples/s]
Generating train split: 15246 examples [00:00, 87592.83 examples/s]

Map:   0%|          | 0/15246 [00:00<?, ? examples/s]
Map:  15%|â–ˆâ–        | 2271/15246 [00:00<00:00, 22565.51 examples/s]
Map:  31%|â–ˆâ–ˆâ–ˆ       | 4651/15246 [00:00<00:00, 23285.29 examples/s]
Map:  46%|â–ˆâ–ˆâ–ˆâ–ˆâ–Œ     | 7003/15246 [00:00<00:00, 23385.60 examples/s]
Map:  61%|â–ˆâ–ˆâ–ˆâ–ˆâ–ˆâ–ˆâ–   | 9372/15246 [00:00<00:00, 23503.13 examples/s]
Map:  77%|â–ˆâ–ˆâ–ˆâ–ˆâ–ˆâ–ˆâ–ˆâ–‹  | 11757/15246 [00:00<00:00, 23625.55 examples/s]
Map: 100%|â–ˆâ–ˆâ–ˆâ–ˆâ–ˆâ–ˆâ–ˆâ–ˆâ–ˆâ–ˆ| 15246/15246 [00:00<00:00, 23436.90 examples/s]
Map: 100%|â–ˆâ–ˆâ–ˆâ–ˆâ–ˆâ–ˆâ–ˆâ–ˆâ–ˆâ–ˆ| 15246/15246 [00:00<00:00, 23298.14 examples/s]
Sample from the training dataset:  {'prompt': 'Given this Ansible Name Field, please generate the ansible task. name: Ensure fail2ban service is enabled and started', 'completion': 'service:\n  name: fail2ban\n  state: started\n  enabled: true\nwhen: centos_base_fail2ban_configuration|bool\n'}
/u/choprahetarth/.conda/envs/scoder_2/lib/python3.10/site-packages/huggingface_hub/utils/_deprecation.py:100: FutureWarning: Deprecated argument(s) used in '__init__': max_seq_length. Will not be supported from version '1.0.0'.

Deprecated positional argument(s) used in SFTTrainer, please use the SFTConfig to set these arguments instead.
  warnings.warn(message, FutureWarning)
/u/choprahetarth/.conda/envs/scoder_2/lib/python3.10/site-packages/transformers/training_args.py:1965: FutureWarning: `--push_to_hub_token` is deprecated and will be removed in version 5 of ðŸ¤— Transformers. Use `--hub_token` instead.
  warnings.warn(
/u/choprahetarth/.conda/envs/scoder_2/lib/python3.10/site-packages/transformers/training_args.py:1965: FutureWarning: `--push_to_hub_token` is deprecated and will be removed in version 5 of ðŸ¤— Transformers. Use `--hub_token` instead.
  warnings.warn(

Loading checkpoint shards:  86%|â–ˆâ–ˆâ–ˆâ–ˆâ–ˆâ–ˆâ–ˆâ–ˆâ–Œ | 12/14 [00:28<00:04,  2.13s/it]
Loading checkpoint shards:  86%|â–ˆâ–ˆâ–ˆâ–ˆâ–ˆâ–ˆâ–ˆâ–ˆâ–Œ | 12/14 [00:28<00:04,  2.14s/it]
Loading checkpoint shards:  86%|â–ˆâ–ˆâ–ˆâ–ˆâ–ˆâ–ˆâ–ˆâ–ˆâ–Œ | 12/14 [00:28<00:04,  2.14s/it]/u/choprahetarth/.conda/envs/scoder_2/lib/python3.10/site-packages/trl/trainer/sft_trainer.py:269: UserWarning: You passed a `max_seq_length` argument to the SFTTrainer, the value you passed will override the one in the `SFTConfig`.
  warnings.warn(

Loading checkpoint shards:  93%|â–ˆâ–ˆâ–ˆâ–ˆâ–ˆâ–ˆâ–ˆâ–ˆâ–ˆâ–Ž| 13/14 [00:29<00:02,  2.07s/it]
Loading checkpoint shards:  93%|â–ˆâ–ˆâ–ˆâ–ˆâ–ˆâ–ˆâ–ˆâ–ˆâ–ˆâ–Ž| 13/14 [00:30<00:02,  2.08s/it]
Loading checkpoint shards:  93%|â–ˆâ–ˆâ–ˆâ–ˆâ–ˆâ–ˆâ–ˆâ–ˆâ–ˆâ–Ž| 13/14 [00:30<00:02,  2.10s/it]
Loading checkpoint shards: 100%|â–ˆâ–ˆâ–ˆâ–ˆâ–ˆâ–ˆâ–ˆâ–ˆâ–ˆâ–ˆ| 14/14 [00:31<00:00,  1.95s/it]
Loading checkpoint shards: 100%|â–ˆâ–ˆâ–ˆâ–ˆâ–ˆâ–ˆâ–ˆâ–ˆâ–ˆâ–ˆ| 14/14 [00:31<00:00,  2.26s/it]

Loading checkpoint shards: 100%|â–ˆâ–ˆâ–ˆâ–ˆâ–ˆâ–ˆâ–ˆâ–ˆâ–ˆâ–ˆ| 14/14 [00:31<00:00,  1.99s/it]
Loading checkpoint shards: 100%|â–ˆâ–ˆâ–ˆâ–ˆâ–ˆâ–ˆâ–ˆâ–ˆâ–ˆâ–ˆ| 14/14 [00:31<00:00,  2.27s/it]

Loading checkpoint shards: 100%|â–ˆâ–ˆâ–ˆâ–ˆâ–ˆâ–ˆâ–ˆâ–ˆâ–ˆâ–ˆ| 14/14 [00:31<00:00,  1.99s/it]
Loading checkpoint shards: 100%|â–ˆâ–ˆâ–ˆâ–ˆâ–ˆâ–ˆâ–ˆâ–ˆâ–ˆâ–ˆ| 14/14 [00:31<00:00,  2.28s/it]
Model Loaded
Model Loaded
Model Loaded
Sample from the training dataset:  {'prompt': 'Given this Ansible Name Field, please generate the ansible task. name: Ensure fail2ban service is enabled and started', 'completion': 'service:\n  name: fail2ban\n  state: started\n  enabled: true\nwhen: centos_base_fail2ban_configuration|bool\n'}
/u/choprahetarth/.conda/envs/scoder_2/lib/python3.10/site-packages/huggingface_hub/utils/_deprecation.py:100: FutureWarning: Deprecated argument(s) used in '__init__': max_seq_length. Will not be supported from version '1.0.0'.

Deprecated positional argument(s) used in SFTTrainer, please use the SFTConfig to set these arguments instead.
  warnings.warn(message, FutureWarning)
/u/choprahetarth/.conda/envs/scoder_2/lib/python3.10/site-packages/transformers/training_args.py:1965: FutureWarning: `--push_to_hub_token` is deprecated and will be removed in version 5 of ðŸ¤— Transformers. Use `--hub_token` instead.
  warnings.warn(
Sample from the training dataset:  {'prompt': 'Given this Ansible Name Field, please generate the ansible task. name: Ensure fail2ban service is enabled and started', 'completion': 'service:\n  name: fail2ban\n  state: started\n  enabled: true\nwhen: centos_base_fail2ban_configuration|bool\n'}
Sample from the training dataset:  {'prompt': 'Given this Ansible Name Field, please generate the ansible task. name: Ensure fail2ban service is enabled and started', 'completion': 'service:\n  name: fail2ban\n  state: started\n  enabled: true\nwhen: centos_base_fail2ban_configuration|bool\n'}
/u/choprahetarth/.conda/envs/scoder_2/lib/python3.10/site-packages/huggingface_hub/utils/_deprecation.py:100: FutureWarning: Deprecated argument(s) used in '__init__': max_seq_length. Will not be supported from version '1.0.0'.

Deprecated positional argument(s) used in SFTTrainer, please use the SFTConfig to set these arguments instead.
  warnings.warn(message, FutureWarning)
/u/choprahetarth/.conda/envs/scoder_2/lib/python3.10/site-packages/transformers/training_args.py:1965: FutureWarning: `--push_to_hub_token` is deprecated and will be removed in version 5 of ðŸ¤— Transformers. Use `--hub_token` instead.
  warnings.warn(
/u/choprahetarth/.conda/envs/scoder_2/lib/python3.10/site-packages/huggingface_hub/utils/_deprecation.py:100: FutureWarning: Deprecated argument(s) used in '__init__': max_seq_length. Will not be supported from version '1.0.0'.

Deprecated positional argument(s) used in SFTTrainer, please use the SFTConfig to set these arguments instead.
  warnings.warn(message, FutureWarning)
/u/choprahetarth/.conda/envs/scoder_2/lib/python3.10/site-packages/transformers/training_args.py:1965: FutureWarning: `--push_to_hub_token` is deprecated and will be removed in version 5 of ðŸ¤— Transformers. Use `--hub_token` instead.
  warnings.warn(
/u/choprahetarth/.conda/envs/scoder_2/lib/python3.10/site-packages/transformers/training_args.py:1965: FutureWarning: `--push_to_hub_token` is deprecated and will be removed in version 5 of ðŸ¤— Transformers. Use `--hub_token` instead.
  warnings.warn(
/u/choprahetarth/.conda/envs/scoder_2/lib/python3.10/site-packages/transformers/training_args.py:1965: FutureWarning: `--push_to_hub_token` is deprecated and will be removed in version 5 of ðŸ¤— Transformers. Use `--hub_token` instead.
  warnings.warn(
/u/choprahetarth/.conda/envs/scoder_2/lib/python3.10/site-packages/transformers/training_args.py:1965: FutureWarning: `--push_to_hub_token` is deprecated and will be removed in version 5 of ðŸ¤— Transformers. Use `--hub_token` instead.
  warnings.warn(
/u/choprahetarth/.conda/envs/scoder_2/lib/python3.10/site-packages/trl/trainer/sft_trainer.py:269: UserWarning: You passed a `max_seq_length` argument to the SFTTrainer, the value you passed will override the one in the `SFTConfig`.
  warnings.warn(
/u/choprahetarth/.conda/envs/scoder_2/lib/python3.10/site-packages/trl/trainer/sft_trainer.py:269: UserWarning: You passed a `max_seq_length` argument to the SFTTrainer, the value you passed will override the one in the `SFTConfig`.
  warnings.warn(
/u/choprahetarth/.conda/envs/scoder_2/lib/python3.10/site-packages/trl/trainer/sft_trainer.py:355: UserWarning: You passed a `dataset_kwargs` argument to the SFTTrainer, the value you passed will override the one in the `SFTConfig`.
  warnings.warn(

Map:   0%|          | 0/13721 [00:00<?, ? examples/s]/u/choprahetarth/.conda/envs/scoder_2/lib/python3.10/site-packages/trl/trainer/sft_trainer.py:269: UserWarning: You passed a `max_seq_length` argument to the SFTTrainer, the value you passed will override the one in the `SFTConfig`.
  warnings.warn(

Map:   7%|â–‹         | 1000/13721 [00:00<00:02, 5071.89 examples/s]
Map:  22%|â–ˆâ–ˆâ–       | 3000/13721 [00:00<00:01, 10416.76 examples/s]
Map:  36%|â–ˆâ–ˆâ–ˆâ–‹      | 5000/13721 [00:00<00:00, 13100.03 examples/s]
Map:  51%|â–ˆâ–ˆâ–ˆâ–ˆâ–ˆ     | 7000/13721 [00:00<00:00, 14510.83 examples/s]
Map:  66%|â–ˆâ–ˆâ–ˆâ–ˆâ–ˆâ–ˆâ–Œ   | 9000/13721 [00:00<00:00, 15425.48 examples/s]
Map:  80%|â–ˆâ–ˆâ–ˆâ–ˆâ–ˆâ–ˆâ–ˆâ–ˆ  | 11000/13721 [00:00<00:00, 15999.92 examples/s]
Map:  95%|â–ˆâ–ˆâ–ˆâ–ˆâ–ˆâ–ˆâ–ˆâ–ˆâ–ˆâ–| 13000/13721 [00:00<00:00, 16144.42 examples/s]
Map: 100%|â–ˆâ–ˆâ–ˆâ–ˆâ–ˆâ–ˆâ–ˆâ–ˆâ–ˆâ–ˆ| 13721/13721 [00:00<00:00, 14409.37 examples/s]

Map:   0%|          | 0/1525 [00:00<?, ? examples/s]
Map: 100%|â–ˆâ–ˆâ–ˆâ–ˆâ–ˆâ–ˆâ–ˆâ–ˆâ–ˆâ–ˆ| 1525/1525 [00:00<00:00, 13498.06 examples/s]
Map: 100%|â–ˆâ–ˆâ–ˆâ–ˆâ–ˆâ–ˆâ–ˆâ–ˆâ–ˆâ–ˆ| 1525/1525 [00:00<00:00, 13079.89 examples/s]
/u/choprahetarth/.conda/envs/scoder_2/lib/python3.10/site-packages/trl/trainer/sft_trainer.py:355: UserWarning: You passed a `dataset_kwargs` argument to the SFTTrainer, the value you passed will override the one in the `SFTConfig`.
  warnings.warn(
/u/choprahetarth/.conda/envs/scoder_2/lib/python3.10/site-packages/trl/trainer/sft_trainer.py:355: UserWarning: You passed a `dataset_kwargs` argument to the SFTTrainer, the value you passed will override the one in the `SFTConfig`.
  warnings.warn(
/u/choprahetarth/.conda/envs/scoder_2/lib/python3.10/site-packages/trl/trainer/sft_trainer.py:355: UserWarning: You passed a `dataset_kwargs` argument to the SFTTrainer, the value you passed will override the one in the `SFTConfig`.
  warnings.warn(
WARNING:accelerate.utils.other:Detected kernel version 4.18.0, which is below the recommended minimum of 5.5.0; this can cause the process to hang. It is recommended to upgrade the kernel to the minimum version or higher.

Map:   0%|          | 0/1525 [00:00<?, ? examples/s]
Map:   0%|          | 0/1525 [00:00<?, ? examples/s]
Map:   0%|          | 0/1525 [00:00<?, ? examples/s]
Map:  66%|â–ˆâ–ˆâ–ˆâ–ˆâ–ˆâ–ˆâ–Œ   | 1000/1525 [00:00<00:00, 7888.66 examples/s]
Map:  66%|â–ˆâ–ˆâ–ˆâ–ˆâ–ˆâ–ˆâ–Œ   | 1000/1525 [00:00<00:00, 7223.80 examples/s]
Map:  66%|â–ˆâ–ˆâ–ˆâ–ˆâ–ˆâ–ˆâ–Œ   | 1000/1525 [00:00<00:00, 7036.15 examples/s]
Map: 100%|â–ˆâ–ˆâ–ˆâ–ˆâ–ˆâ–ˆâ–ˆâ–ˆâ–ˆâ–ˆ| 1525/1525 [00:00<00:00, 9038.17 examples/s]

Map: 100%|â–ˆâ–ˆâ–ˆâ–ˆâ–ˆâ–ˆâ–ˆâ–ˆâ–ˆâ–ˆ| 1525/1525 [00:00<00:00, 8402.25 examples/s]

Map: 100%|â–ˆâ–ˆâ–ˆâ–ˆâ–ˆâ–ˆâ–ˆâ–ˆâ–ˆâ–ˆ| 1525/1525 [00:00<00:00, 8331.09 examples/s]
Training...
max_steps is given, it will override any value given in num_train_epochs
Training...
max_steps is given, it will override any value given in num_train_epochs
Training...
max_steps is given, it will override any value given in num_train_epochs
Training...
wandb: Currently logged in as: hetarthvader. Use `wandb login --relogin` to force relogin
wandb: wandb version 0.17.4 is available!  To upgrade, please run:
wandb:  $ pip install wandb --upgrade
wandb: Tracking run with wandb version 0.17.2
wandb: Run data is saved locally in /scratch/bbvz/choprahetarth/wandb/run-20240704_190606-63dsqy7d
wandb: Run `wandb offline` to turn off syncing.
wandb: Syncing run train-starcoder2-15b
wandb: â­ï¸ View project at https://wandb.ai/hetarthvader/huggingface
wandb: ðŸš€ View run at https://wandb.ai/hetarthvader/huggingface/runs/63dsqy7d
[rank0]:[W reducer.cpp:1389] Warning: find_unused_parameters=True was specified in DDP constructor, but did not find any unused parameters in the forward pass. This flag results in an extra traversal of the autograd graph every iteration,  which can adversely affect performance. If your model indeed never has any unused parameters in the forward pass, consider turning this flag off. Note that this warning may be a false positive if your model has flow control causing later iterations to have unused parameters. (function operator())
[rank2]:[W reducer.cpp:1389] Warning: find_unused_parameters=True was specified in DDP constructor, but did not find any unused parameters in the forward pass. This flag results in an extra traversal of the autograd graph every iteration,  which can adversely affect performance. If your model indeed never has any unused parameters in the forward pass, consider turning this flag off. Note that this warning may be a false positive if your model has flow control causing later iterations to have unused parameters. (function operator())
[rank3]:[W reducer.cpp:1389] Warning: find_unused_parameters=True was specified in DDP constructor, but did not find any unused parameters in the forward pass. This flag results in an extra traversal of the autograd graph every iteration,  which can adversely affect performance. If your model indeed never has any unused parameters in the forward pass, consider turning this flag off. Note that this warning may be a false positive if your model has flow control causing later iterations to have unused parameters. (function operator())
[rank1]:[W reducer.cpp:1389] Warning: find_unused_parameters=True was specified in DDP constructor, but did not find any unused parameters in the forward pass. This flag results in an extra traversal of the autograd graph every iteration,  which can adversely affect performance. If your model indeed never has any unused parameters in the forward pass, consider turning this flag off. Note that this warning may be a false positive if your model has flow control causing later iterations to have unused parameters. (function operator())
{'loss': 3.4734, 'grad_norm': 0.16622334718704224, 'learning_rate': 3.6e-05, 'epoch': 0.046620046620046623}
{'loss': 3.1732, 'grad_norm': 0.4194711446762085, 'learning_rate': 7.6e-05, 'epoch': 0.09324009324009325}
{'loss': 2.1616, 'grad_norm': 1.3553664684295654, 'learning_rate': 0.000116, 'epoch': 0.13986013986013987}
{'loss': 1.3705, 'grad_norm': 0.27808141708374023, 'learning_rate': 0.00015600000000000002, 'epoch': 0.1864801864801865}
{'loss': 1.1884, 'grad_norm': 0.2738473117351532, 'learning_rate': 0.000196, 'epoch': 0.2331002331002331}
{'loss': 1.1044, 'grad_norm': 0.2952675223350525, 'learning_rate': 0.000198517512351347, 'epoch': 0.27972027972027974}
{'loss': 1.034, 'grad_norm': 0.31585970520973206, 'learning_rate': 0.0001934492702382411, 'epoch': 0.32634032634032634}
{'loss': 1.0207, 'grad_norm': 0.5318251252174377, 'learning_rate': 0.00018496233982968457, 'epoch': 0.372960372960373}
{'loss': 0.9526, 'grad_norm': 0.4809528887271881, 'learning_rate': 0.00017336720155616185, 'epoch': 0.4195804195804196}
{'loss': 0.925, 'grad_norm': 0.24662445485591888, 'learning_rate': 0.00015908804453545607, 'epoch': 0.4662004662004662}
{'loss': 0.9137, 'grad_norm': 0.3078300952911377, 'learning_rate': 0.000142647248309442, 'epoch': 0.5128205128205128}
{'loss': 0.9135, 'grad_norm': 0.28920671343803406, 'learning_rate': 0.00012464627244524593, 'epoch': 0.5594405594405595}
{'loss': 0.921, 'grad_norm': 0.27101394534111023, 'learning_rate': 0.00010574365312337235, 'epoch': 0.6060606060606061}
{'loss': 0.9064, 'grad_norm': 0.296148419380188, 'learning_rate': 8.663091167153516e-05, 'epoch': 0.6526806526806527}
{'loss': 0.9239, 'grad_norm': 0.3130960166454315, 'learning_rate': 6.800725639097411e-05, 'epoch': 0.6993006993006993}
{'loss': 0.8939, 'grad_norm': 0.2926991879940033, 'learning_rate': 5.055400316745096e-05, 'epoch': 0.745920745920746}
{'loss': 0.8893, 'grad_norm': 0.27640828490257263, 'learning_rate': 3.4909650646922896e-05, 'epoch': 0.7925407925407926}
{'loss': 0.869, 'grad_norm': 0.30990949273109436, 'learning_rate': 2.164652180971358e-05, 'epoch': 0.8391608391608392}
{'loss': 0.9027, 'grad_norm': 0.29356318712234497, 'learning_rate': 1.1249826472884572e-05, 'epoch': 0.8857808857808858}
{'loss': 0.8962, 'grad_norm': 0.3051948547363281, 'learning_rate': 4.099910684818698e-06, 'epoch': 0.9324009324009324}
{'loss': 0.8948, 'grad_norm': 0.33440250158309937, 'learning_rate': 4.583423888055105e-07, 'epoch': 0.9790209790209791}
{'train_runtime': 820.1269, 'train_samples_per_second': 16.7, 'train_steps_per_second': 0.522, 'train_loss': 1.2459271299504788, 'epoch': 0.9976689976689976}
Starcoder2ForCausalLM(
  (model): Starcoder2Model(
    (embed_tokens): Embedding(49152, 6144)
    (layers): ModuleList(
      (0-39): 40 x Starcoder2DecoderLayer(
        (self_attn): Starcoder2SdpaAttention(
          (q_proj): lora.Linear4bit(
            (base_layer): Linear4bit(in_features=6144, out_features=6144, bias=True)
            (lora_dropout): ModuleDict(
              (default): Identity()
            )
            (lora_A): ModuleDict(
              (default): Linear(in_features=6144, out_features=16, bias=False)
            )
            (lora_B): ModuleDict(
              (default): Linear(in_features=16, out_features=6144, bias=False)
            )
            (lora_embedding_A): ParameterDict()
            (lora_embedding_B): ParameterDict()
          )
          (k_proj): lora.Linear4bit(
            (base_layer): Linear4bit(in_features=6144, out_features=512, bias=True)
            (lora_dropout): ModuleDict(
              (default): Identity()
            )
            (lora_A): ModuleDict(
              (default): Linear(in_features=6144, out_features=16, bias=False)
            )
            (lora_B): ModuleDict(
              (default): Linear(in_features=16, out_features=512, bias=False)
            )
            (lora_embedding_A): ParameterDict()
            (lora_embedding_B): ParameterDict()
          )
          (v_proj): lora.Linear4bit(
            (base_layer): Linear4bit(in_features=6144, out_features=512, bias=True)
            (lora_dropout): ModuleDict(
              (default): Identity()
            )
            (lora_A): ModuleDict(
              (default): Linear(in_features=6144, out_features=16, bias=False)
            )
            (lora_B): ModuleDict(
              (default): Linear(in_features=16, out_features=512, bias=False)
            )
            (lora_embedding_A): ParameterDict()
            (lora_embedding_B): ParameterDict()
          )
          (o_proj): lora.Linear4bit(
            (base_layer): Linear4bit(in_features=6144, out_features=6144, bias=True)
            (lora_dropout): ModuleDict(
              (default): Identity()
            )
            (lora_A): ModuleDict(
              (default): Linear(in_features=6144, out_features=16, bias=False)
            )
            (lora_B): ModuleDict(
              (default): Linear(in_features=16, out_features=6144, bias=False)
            )
            (lora_embedding_A): ParameterDict()
            (lora_embedding_B): ParameterDict()
          )
          (rotary_emb): Starcoder2RotaryEmbedding()
        )
        (mlp): Starcoder2MLP(
          (c_fc): Linear4bit(in_features=6144, out_features=24576, bias=True)
          (c_proj): Linear4bit(in_features=24576, out_features=6144, bias=True)
          (act): PytorchGELUTanh()
        )
        (input_layernorm): LayerNorm((6144,), eps=1e-05, elementwise_affine=True)
        (post_attention_layernorm): LayerNorm((6144,), eps=1e-05, elementwise_affine=True)
      )
    )
    (norm): LayerNorm((6144,), eps=1e-05, elementwise_affine=True)
  )
  (lm_head): Linear(in_features=6144, out_features=49152, bias=False)
)
Saving the last checkpoint of the model
saving the model peft layer
Starcoder2ForCausalLM(
  (model): Starcoder2Model(
    (embed_tokens): Embedding(49152, 6144)
    (layers): ModuleList(
      (0-39): 40 x Starcoder2DecoderLayer(
        (self_attn): Starcoder2SdpaAttention(
          (q_proj): lora.Linear4bit(
            (base_layer): Linear4bit(in_features=6144, out_features=6144, bias=True)
            (lora_dropout): ModuleDict(
              (default): Identity()
            )
            (lora_A): ModuleDict(
              (default): Linear(in_features=6144, out_features=16, bias=False)
            )
            (lora_B): ModuleDict(
              (default): Linear(in_features=16, out_features=6144, bias=False)
            )
            (lora_embedding_A): ParameterDict()
            (lora_embedding_B): ParameterDict()
          )
          (k_proj): lora.Linear4bit(
            (base_layer): Linear4bit(in_features=6144, out_features=512, bias=True)
            (lora_dropout): ModuleDict(
              (default): Identity()
            )
            (lora_A): ModuleDict(
              (default): Linear(in_features=6144, out_features=16, bias=False)
            )
            (lora_B): ModuleDict(
              (default): Linear(in_features=16, out_features=512, bias=False)
            )
            (lora_embedding_A): ParameterDict()
            (lora_embedding_B): ParameterDict()
          )
          (v_proj): lora.Linear4bit(
            (base_layer): Linear4bit(in_features=6144, out_features=512, bias=True)
            (lora_dropout): ModuleDict(
              (default): Identity()
            )
            (lora_A): ModuleDict(
              (default): Linear(in_features=6144, out_features=16, bias=False)
            )
            (lora_B): ModuleDict(
              (default): Linear(in_features=16, out_features=512, bias=False)
            )
            (lora_embedding_A): ParameterDict()
            (lora_embedding_B): ParameterDict()
          )
          (o_proj): lora.Linear4bit(
            (base_layer): Linear4bit(in_features=6144, out_features=6144, bias=True)
            (lora_dropout): ModuleDict(
              (default): Identity()
            )
            (lora_A): ModuleDict(
              (default): Linear(in_features=6144, out_features=16, bias=False)
            )
            (lora_B): ModuleDict(
              (default): Linear(in_features=16, out_features=6144, bias=False)
            )
            (lora_embedding_A): ParameterDict()
            (lora_embedding_B): ParameterDict()
          )
          (rotary_emb): Starcoder2RotaryEmbedding()
        )
        (mlp): Starcoder2MLP(
          (c_fc): Linear4bit(in_features=6144, out_features=24576, bias=True)
          (c_proj): Linear4bit(in_features=24576, out_features=6144, bias=True)
          (act): PytorchGELUTanh()
        )
        (input_layernorm): LayerNorm((6144,), eps=1e-05, elementwise_affine=True)
        (post_attention_layernorm): LayerNorm((6144,), eps=1e-05, elementwise_affine=True)
      )
    )
    (norm): LayerNorm((6144,), eps=1e-05, elementwise_affine=True)
  )
  (lm_head): Linear(in_features=6144, out_features=49152, bias=False)
)
Saving the last checkpoint of the model
saving the model peft layer
Starcoder2ForCausalLM(
  (model): Starcoder2Model(
    (embed_tokens): Embedding(49152, 6144)
    (layers): ModuleList(
      (0-39): 40 x Starcoder2DecoderLayer(
        (self_attn): Starcoder2SdpaAttention(
          (q_proj): lora.Linear4bit(
            (base_layer): Linear4bit(in_features=6144, out_features=6144, bias=True)
            (lora_dropout): ModuleDict(
              (default): Identity()
            )
            (lora_A): ModuleDict(
              (default): Linear(in_features=6144, out_features=16, bias=False)
            )
            (lora_B): ModuleDict(
              (default): Linear(in_features=16, out_features=6144, bias=False)
            )
            (lora_embedding_A): ParameterDict()
            (lora_embedding_B): ParameterDict()
          )
          (k_proj): lora.Linear4bit(
            (base_layer): Linear4bit(in_features=6144, out_features=512, bias=True)
            (lora_dropout): ModuleDict(
              (default): Identity()
            )
            (lora_A): ModuleDict(
              (default): Linear(in_features=6144, out_features=16, bias=False)
            )
            (lora_B): ModuleDict(
              (default): Linear(in_features=16, out_features=512, bias=False)
            )
            (lora_embedding_A): ParameterDict()
            (lora_embedding_B): ParameterDict()
          )
          (v_proj): lora.Linear4bit(
            (base_layer): Linear4bit(in_features=6144, out_features=512, bias=True)
            (lora_dropout): ModuleDict(
              (default): Identity()
            )
            (lora_A): ModuleDict(
              (default): Linear(in_features=6144, out_features=16, bias=False)
            )
            (lora_B): ModuleDict(
              (default): Linear(in_features=16, out_features=512, bias=False)
            )
            (lora_embedding_A): ParameterDict()
            (lora_embedding_B): ParameterDict()
          )
          (o_proj): lora.Linear4bit(
            (base_layer): Linear4bit(in_features=6144, out_features=6144, bias=True)
            (lora_dropout): ModuleDict(
              (default): Identity()
            )
            (lora_A): ModuleDict(
              (default): Linear(in_features=6144, out_features=16, bias=False)
            )
            (lora_B): ModuleDict(
              (default): Linear(in_features=16, out_features=6144, bias=False)
            )
            (lora_embedding_A): ParameterDict()
            (lora_embedding_B): ParameterDict()
          )
          (rotary_emb): Starcoder2RotaryEmbedding()
        )
        (mlp): Starcoder2MLP(
          (c_fc): Linear4bit(in_features=6144, out_features=24576, bias=True)
          (c_proj): Linear4bit(in_features=24576, out_features=6144, bias=True)
          (act): PytorchGELUTanh()
        )
        (input_layernorm): LayerNorm((6144,), eps=1e-05, elementwise_affine=True)
        (post_attention_layernorm): LayerNorm((6144,), eps=1e-05, elementwise_affine=True)
      )
    )
    (norm): LayerNorm((6144,), eps=1e-05, elementwise_affine=True)
  )
  (lm_head): Linear(in_features=6144, out_features=49152, bias=False)
)
Saving the last checkpoint of the model
saving the model peft layer
Starcoder2ForCausalLM(
  (model): Starcoder2Model(
    (embed_tokens): Embedding(49152, 6144)
    (layers): ModuleList(
      (0-39): 40 x Starcoder2DecoderLayer(
        (self_attn): Starcoder2SdpaAttention(
          (q_proj): lora.Linear4bit(
            (base_layer): Linear4bit(in_features=6144, out_features=6144, bias=True)
            (lora_dropout): ModuleDict(
              (default): Identity()
            )
            (lora_A): ModuleDict(
              (default): Linear(in_features=6144, out_features=16, bias=False)
            )
            (lora_B): ModuleDict(
              (default): Linear(in_features=16, out_features=6144, bias=False)
            )
            (lora_embedding_A): ParameterDict()
            (lora_embedding_B): ParameterDict()
          )
          (k_proj): lora.Linear4bit(
            (base_layer): Linear4bit(in_features=6144, out_features=512, bias=True)
            (lora_dropout): ModuleDict(
              (default): Identity()
            )
            (lora_A): ModuleDict(
              (default): Linear(in_features=6144, out_features=16, bias=False)
            )
            (lora_B): ModuleDict(
              (default): Linear(in_features=16, out_features=512, bias=False)
            )
            (lora_embedding_A): ParameterDict()
            (lora_embedding_B): ParameterDict()
          )
          (v_proj): lora.Linear4bit(
            (base_layer): Linear4bit(in_features=6144, out_features=512, bias=True)
            (lora_dropout): ModuleDict(
              (default): Identity()
            )
            (lora_A): ModuleDict(
              (default): Linear(in_features=6144, out_features=16, bias=False)
            )
            (lora_B): ModuleDict(
              (default): Linear(in_features=16, out_features=512, bias=False)
            )
            (lora_embedding_A): ParameterDict()
            (lora_embedding_B): ParameterDict()
          )
          (o_proj): lora.Linear4bit(
            (base_layer): Linear4bit(in_features=6144, out_features=6144, bias=True)
            (lora_dropout): ModuleDict(
              (default): Identity()
            )
            (lora_A): ModuleDict(
              (default): Linear(in_features=6144, out_features=16, bias=False)
            )
            (lora_B): ModuleDict(
              (default): Linear(in_features=16, out_features=6144, bias=False)
            )
            (lora_embedding_A): ParameterDict()
            (lora_embedding_B): ParameterDict()
          )
          (rotary_emb): Starcoder2RotaryEmbedding()
        )
        (mlp): Starcoder2MLP(
          (c_fc): Linear4bit(in_features=6144, out_features=24576, bias=True)
          (c_proj): Linear4bit(in_features=24576, out_features=6144, bias=True)
          (act): PytorchGELUTanh()
        )
        (input_layernorm): LayerNorm((6144,), eps=1e-05, elementwise_affine=True)
        (post_attention_layernorm): LayerNorm((6144,), eps=1e-05, elementwise_affine=True)
      )
    )
    (norm): LayerNorm((6144,), eps=1e-05, elementwise_affine=True)
  )
  (lm_head): Linear(in_features=6144, out_features=49152, bias=False)
)
Saving the last checkpoint of the model
saving the model peft layer
/u/choprahetarth/.conda/envs/scoder_2/lib/python3.10/site-packages/huggingface_hub/file_download.py:1132: FutureWarning: `resume_download` is deprecated and will be removed in version 1.0.0. Downloads always resume when possible. If you want to force a new download, use `force_download=True`.
  warnings.warn(
/u/choprahetarth/.conda/envs/scoder_2/lib/python3.10/site-packages/huggingface_hub/file_download.py:1132: FutureWarning: `resume_download` is deprecated and will be removed in version 1.0.0. Downloads always resume when possible. If you want to force a new download, use `force_download=True`.
  warnings.warn(
/u/choprahetarth/.conda/envs/scoder_2/lib/python3.10/site-packages/huggingface_hub/file_download.py:1132: FutureWarning: `resume_download` is deprecated and will be removed in version 1.0.0. Downloads always resume when possible. If you want to force a new download, use `force_download=True`.
  warnings.warn(
/u/choprahetarth/.conda/envs/scoder_2/lib/python3.10/site-packages/huggingface_hub/file_download.py:1132: FutureWarning: `resume_download` is deprecated and will be removed in version 1.0.0. Downloads always resume when possible. If you want to force a new download, use `force_download=True`.
  warnings.warn(
Deleted all GPU Memory
Merging the Lora layers back
Deleted all GPU Memory
Merging the Lora layers back
Deleted all GPU Memory
Merging the Lora layers back
Deleted all GPU Memory
Merging the Lora layers back

Loading checkpoint shards:   0%|          | 0/14 [00:00<?, ?it/s]
Loading checkpoint shards:   0%|          | 0/14 [00:00<?, ?it/s]
Loading checkpoint shards:   0%|          | 0/14 [00:00<?, ?it/s]
Loading checkpoint shards:   0%|          | 0/14 [00:00<?, ?it/s]
Loading checkpoint shards:   7%|â–‹         | 1/14 [00:02<00:36,  2.78s/it]
Loading checkpoint shards:   7%|â–‹         | 1/14 [00:02<00:36,  2.81s/it]
Loading checkpoint shards:   7%|â–‹         | 1/14 [00:02<00:36,  2.83s/it]
Loading checkpoint shards:   7%|â–‹         | 1/14 [00:02<00:37,  2.88s/it]
Loading checkpoint shards:  14%|â–ˆâ–        | 2/14 [00:05<00:32,  2.68s/it]
Loading checkpoint shards:  14%|â–ˆâ–        | 2/14 [00:05<00:32,  2.69s/it]
Loading checkpoint shards:  14%|â–ˆâ–        | 2/14 [00:05<00:32,  2.71s/it]
Loading checkpoint shards:  14%|â–ˆâ–        | 2/14 [00:05<00:32,  2.74s/it]
Loading checkpoint shards:  21%|â–ˆâ–ˆâ–       | 3/14 [00:08<00:29,  2.72s/it]
Loading checkpoint shards:  21%|â–ˆâ–ˆâ–       | 3/14 [00:08<00:30,  2.77s/it]
Loading checkpoint shards:  21%|â–ˆâ–ˆâ–       | 3/14 [00:08<00:30,  2.79s/it]
Loading checkpoint shards:  21%|â–ˆâ–ˆâ–       | 3/14 [00:08<00:30,  2.77s/it]
Loading checkpoint shards:  29%|â–ˆâ–ˆâ–Š       | 4/14 [00:10<00:26,  2.70s/it]
Loading checkpoint shards:  29%|â–ˆâ–ˆâ–Š       | 4/14 [00:11<00:27,  2.75s/it]
Loading checkpoint shards:  29%|â–ˆâ–ˆâ–Š       | 4/14 [00:11<00:27,  2.75s/it]
Loading checkpoint shards:  29%|â–ˆâ–ˆâ–Š       | 4/14 [00:11<00:27,  2.79s/it]
Loading checkpoint shards:  36%|â–ˆâ–ˆâ–ˆâ–Œ      | 5/14 [00:13<00:23,  2.63s/it]
Loading checkpoint shards:  36%|â–ˆâ–ˆâ–ˆâ–Œ      | 5/14 [00:13<00:24,  2.68s/it]
Loading checkpoint shards:  36%|â–ˆâ–ˆâ–ˆâ–Œ      | 5/14 [00:13<00:24,  2.67s/it]
Loading checkpoint shards:  36%|â–ˆâ–ˆâ–ˆâ–Œ      | 5/14 [00:13<00:24,  2.71s/it]
Loading checkpoint shards:  43%|â–ˆâ–ˆâ–ˆâ–ˆâ–Ž     | 6/14 [00:15<00:20,  2.61s/it]
Loading checkpoint shards:  43%|â–ˆâ–ˆâ–ˆâ–ˆâ–Ž     | 6/14 [00:16<00:21,  2.66s/it]
Loading checkpoint shards:  43%|â–ˆâ–ˆâ–ˆâ–ˆâ–Ž     | 6/14 [00:16<00:21,  2.65s/it]
Loading checkpoint shards:  43%|â–ˆâ–ˆâ–ˆâ–ˆâ–Ž     | 6/14 [00:16<00:21,  2.68s/it]
Loading checkpoint shards:  50%|â–ˆâ–ˆâ–ˆâ–ˆâ–ˆ     | 7/14 [00:18<00:18,  2.58s/it]
Loading checkpoint shards:  50%|â–ˆâ–ˆâ–ˆâ–ˆâ–ˆ     | 7/14 [00:18<00:18,  2.64s/it]
Loading checkpoint shards:  50%|â–ˆâ–ˆâ–ˆâ–ˆâ–ˆ     | 7/14 [00:18<00:18,  2.65s/it]
Loading checkpoint shards:  50%|â–ˆâ–ˆâ–ˆâ–ˆâ–ˆ     | 7/14 [00:18<00:18,  2.65s/it]
Loading checkpoint shards:  57%|â–ˆâ–ˆâ–ˆâ–ˆâ–ˆâ–‹    | 8/14 [00:20<00:15,  2.53s/it]
Loading checkpoint shards:  57%|â–ˆâ–ˆâ–ˆâ–ˆâ–ˆâ–‹    | 8/14 [00:21<00:15,  2.60s/it]
Loading checkpoint shards:  57%|â–ˆâ–ˆâ–ˆâ–ˆâ–ˆâ–‹    | 8/14 [00:21<00:15,  2.59s/it]
Loading checkpoint shards:  57%|â–ˆâ–ˆâ–ˆâ–ˆâ–ˆâ–‹    | 8/14 [00:21<00:15,  2.60s/it]
Loading checkpoint shards:  64%|â–ˆâ–ˆâ–ˆâ–ˆâ–ˆâ–ˆâ–   | 9/14 [00:23<00:12,  2.51s/it]
Loading checkpoint shards:  64%|â–ˆâ–ˆâ–ˆâ–ˆâ–ˆâ–ˆâ–   | 9/14 [00:23<00:13,  2.63s/it]
Loading checkpoint shards:  64%|â–ˆâ–ˆâ–ˆâ–ˆâ–ˆâ–ˆâ–   | 9/14 [00:23<00:13,  2.62s/it]
Loading checkpoint shards:  64%|â–ˆâ–ˆâ–ˆâ–ˆâ–ˆâ–ˆâ–   | 9/14 [00:24<00:13,  2.62s/it]
Loading checkpoint shards:  71%|â–ˆâ–ˆâ–ˆâ–ˆâ–ˆâ–ˆâ–ˆâ–  | 10/14 [00:25<00:09,  2.43s/it]
Loading checkpoint shards:  71%|â–ˆâ–ˆâ–ˆâ–ˆâ–ˆâ–ˆâ–ˆâ–  | 10/14 [00:26<00:10,  2.54s/it]
Loading checkpoint shards:  71%|â–ˆâ–ˆâ–ˆâ–ˆâ–ˆâ–ˆâ–ˆâ–  | 10/14 [00:26<00:10,  2.56s/it]
Loading checkpoint shards:  71%|â–ˆâ–ˆâ–ˆâ–ˆâ–ˆâ–ˆâ–ˆâ–  | 10/14 [00:26<00:10,  2.54s/it]
Loading checkpoint shards:  79%|â–ˆâ–ˆâ–ˆâ–ˆâ–ˆâ–ˆâ–ˆâ–Š  | 11/14 [01:00<00:37, 12.51s/it]
Loading checkpoint shards:  79%|â–ˆâ–ˆâ–ˆâ–ˆâ–ˆâ–ˆâ–ˆâ–Š  | 11/14 [01:00<00:37, 12.36s/it]
Loading checkpoint shards:  79%|â–ˆâ–ˆâ–ˆâ–ˆâ–ˆâ–ˆâ–ˆâ–Š  | 11/14 [01:00<00:37, 12.35s/it]
Loading checkpoint shards:  79%|â–ˆâ–ˆâ–ˆâ–ˆâ–ˆâ–ˆâ–ˆâ–Š  | 11/14 [01:01<00:37, 12.37s/it]
Loading checkpoint shards:  86%|â–ˆâ–ˆâ–ˆâ–ˆâ–ˆâ–ˆâ–ˆâ–ˆâ–Œ | 12/14 [02:44<01:20, 40.12s/it]
Loading checkpoint shards:  86%|â–ˆâ–ˆâ–ˆâ–ˆâ–ˆâ–ˆâ–ˆâ–ˆâ–Œ | 12/14 [02:44<01:20, 40.08s/it]
Loading checkpoint shards:  86%|â–ˆâ–ˆâ–ˆâ–ˆâ–ˆâ–ˆâ–ˆâ–ˆâ–Œ | 12/14 [02:44<01:20, 40.08s/it]
Loading checkpoint shards:  86%|â–ˆâ–ˆâ–ˆâ–ˆâ–ˆâ–ˆâ–ˆâ–ˆâ–Œ | 12/14 [02:44<01:20, 40.07s/it]
Loading checkpoint shards:  93%|â–ˆâ–ˆâ–ˆâ–ˆâ–ˆâ–ˆâ–ˆâ–ˆâ–ˆâ–Ž| 13/14 [04:09<00:53, 53.69s/it]
Loading checkpoint shards:  93%|â–ˆâ–ˆâ–ˆâ–ˆâ–ˆâ–ˆâ–ˆâ–ˆâ–ˆâ–Ž| 13/14 [04:09<00:53, 53.75s/it]
Loading checkpoint shards:  93%|â–ˆâ–ˆâ–ˆâ–ˆâ–ˆâ–ˆâ–ˆâ–ˆâ–ˆâ–Ž| 13/14 [04:09<00:53, 53.89s/it]
Loading checkpoint shards:  93%|â–ˆâ–ˆâ–ˆâ–ˆâ–ˆâ–ˆâ–ˆâ–ˆâ–ˆâ–Ž| 13/14 [04:09<00:53, 53.75s/it]
Loading checkpoint shards: 100%|â–ˆâ–ˆâ–ˆâ–ˆâ–ˆâ–ˆâ–ˆâ–ˆâ–ˆâ–ˆ| 14/14 [04:11<00:00, 38.09s/it]
Loading checkpoint shards: 100%|â–ˆâ–ˆâ–ˆâ–ˆâ–ˆâ–ˆâ–ˆâ–ˆâ–ˆâ–ˆ| 14/14 [04:11<00:00, 17.96s/it]
Loading PEFT model...

Loading checkpoint shards: 100%|â–ˆâ–ˆâ–ˆâ–ˆâ–ˆâ–ˆâ–ˆâ–ˆâ–ˆâ–ˆ| 14/14 [04:11<00:00, 38.19s/it]
Loading checkpoint shards: 100%|â–ˆâ–ˆâ–ˆâ–ˆâ–ˆâ–ˆâ–ˆâ–ˆâ–ˆâ–ˆ| 14/14 [04:11<00:00, 17.99s/it]

Loading checkpoint shards: 100%|â–ˆâ–ˆâ–ˆâ–ˆâ–ˆâ–ˆâ–ˆâ–ˆâ–ˆâ–ˆ| 14/14 [04:11<00:00, 38.28s/it]
Loading checkpoint shards: 100%|â–ˆâ–ˆâ–ˆâ–ˆâ–ˆâ–ˆâ–ˆâ–ˆâ–ˆâ–ˆ| 14/14 [04:11<00:00, 18.00s/it]

Loading checkpoint shards: 100%|â–ˆâ–ˆâ–ˆâ–ˆâ–ˆâ–ˆâ–ˆâ–ˆâ–ˆâ–ˆ| 14/14 [04:11<00:00, 38.19s/it]
Loading checkpoint shards: 100%|â–ˆâ–ˆâ–ˆâ–ˆâ–ˆâ–ˆâ–ˆâ–ˆâ–ˆâ–ˆ| 14/14 [04:11<00:00, 18.00s/it]
Loading PEFT model...
Loading PEFT model...
Loading PEFT model...
Merging and unloading model...
Merging and unloading model...
Loading tokenizer...
Merging and unloading model...
Saving pretrained model and tokenizer...
Merging and unloading model...
Loading tokenizer...
Loading tokenizer...
Saving pretrained model and tokenizer...
Loading tokenizer...
Saving pretrained model and tokenizer...
Saving pretrained model and tokenizer...
Training Done! ðŸ’¥
Training Done! ðŸ’¥
Training Done! ðŸ’¥
Training Done! ðŸ’¥
wandb: - 0.009 MB of 0.009 MB uploaded
wandb: \ 0.009 MB of 0.009 MB uploaded
wandb: | 0.038 MB of 0.064 MB uploaded (0.003 MB deduped)
wandb: 
wandb: Run history:
wandb:         train/epoch â–â–â–‚â–‚â–‚â–ƒâ–ƒâ–ƒâ–„â–„â–„â–…â–…â–…â–†â–†â–†â–‡â–‡â–ˆâ–ˆâ–ˆ
wandb:   train/global_step â–â–â–‚â–‚â–‚â–ƒâ–ƒâ–ƒâ–„â–„â–„â–…â–…â–…â–†â–†â–†â–‡â–‡â–ˆâ–ˆâ–ˆ
wandb:     train/grad_norm â–â–‚â–ˆâ–‚â–‚â–‚â–‚â–ƒâ–ƒâ–â–‚â–‚â–‚â–‚â–‚â–‚â–‚â–‚â–‚â–‚â–‚
wandb: train/learning_rate â–‚â–„â–…â–†â–ˆâ–ˆâ–ˆâ–ˆâ–‡â–‡â–†â–…â–…â–„â–ƒâ–ƒâ–‚â–‚â–â–â–
wandb:          train/loss â–ˆâ–‡â–„â–‚â–‚â–‚â–â–â–â–â–â–â–â–â–â–â–â–â–â–â–
wandb: 
wandb: Run summary:
wandb:               total_flos 1.1891353465336627e+17
wandb:              train/epoch 0.99767
wandb:        train/global_step 428
wandb:          train/grad_norm 0.3344
wandb:      train/learning_rate 0.0
wandb:               train/loss 0.8948
wandb:               train_loss 1.24593
wandb:            train_runtime 820.1269
wandb: train_samples_per_second 16.7
wandb:   train_steps_per_second 0.522
wandb: 
wandb: ðŸš€ View run train-starcoder2-15b at: https://wandb.ai/hetarthvader/huggingface/runs/63dsqy7d
wandb: â­ï¸ View project at: https://wandb.ai/hetarthvader/huggingface
wandb: Synced 6 W&B file(s), 0 media file(s), 2 artifact file(s) and 0 other file(s)
wandb: Find logs at: /scratch/bbvz/choprahetarth/wandb/run-20240704_190606-63dsqy7d/logs
wandb: WARNING The new W&B backend becomes opt-out in version 0.18.0; try it out with `wandb.require("core")`! See https://wandb.me/wandb-core for more information.

srun --unbuffered --account=bbvz-delta-gpu \
python -m torch.distributed.run \
--nproc_per_node=4 \
finetune.py \
--model_id="bigcode/starcoder2-15b" \
--dataset_name="/u/choprahetarth/all_files/data/train_ftdata-new-small.json" \
--max_seq_length 512 \
--max_steps 428 \
--size_valid_set 1525 \
--micro_batch_size 2 \
--gradient_accumulation_steps 4 \
--weight_decay 0.01 \
--fp16 True \
--lora_rank 16 \
--learning_rate 2e-4 \
--lr_scheduler_type="cosine" \
--warmup_steps 100 \
--seed 1234 \
--output_dir="//scratch/bbvz/choprahetarth/starcoder2_script/starcoder2-15b" \
--push_to_hub False \
--save_freq 20